outputs/logs/manifest-merger-debug-report.txt
-- Merging decision tree log ---
manifest
ADDED from src/main/AndroidManifest.xml:2:1-34:12
INJECTED from src/main/AndroidManifest.xml:2:1-34:12
INJECTED from src/main/AndroidManifest.xml:2:1-34:12
INJECTED from src/main/AndroidManifest.xml:2:1-34:12
MERGED from [androidx.databinding:viewbinding:8.2.0] AndroidManifest.xml:2:1-7:12
MERGED from [com.mapbox.search:mapbox-search-android-ui:1.0.0-rc.6] AndroidManifest.xml:2:1-9:12
MERGED from [com.mapbox.search:place-autocomplete:1.0.0-rc.6] AndroidManifest.xml:2:1-9:12
MERGED from [io.coil-kt:coil:2.5.0] AndroidManifest.xml:2:1-7:12
MERGED from [androidx.navigation:navigation-common:2.7.6] AndroidManifest.xml:17:1-22:12
MERGED from [androidx.navigation:navigation-common-ktx:2.7.6] AndroidManifest.xml:2:1-7:12
MERGED from [androidx.navigation:navigation-runtime:2.7.6] AndroidManifest.xml:17:1-22:12
MERGED from [androidx.navigation:navigation-runtime-ktx:2.7.6] AndroidManifest.xml:2:1-7:12
MERGED from [androidx.navigation:navigation-fragment:2.7.6] AndroidManifest.xml:17:1-22:12
MERGED from [androidx.navigation:navigation-fragment-ktx:2.7.6] AndroidManifest.xml:2:1-7:12
MERGED from [androidx.navigation:navigation-ui-ktx:2.7.6] AndroidManifest.xml:2:1-7:12
MERGED from [androidx.navigation:navigation-ui:2.7.6] AndroidManifest.xml:17:1-22:12
MERGED from [com.google.android.material:material:1.11.0] AndroidManifest.xml:17:1-24:12
MERGED from [androidx.room:room-paging:2.6.1] AndroidManifest.xml:17:1-22:12
MERGED from [androidx.room:room-guava:2.6.1] AndroidManifest.xml:17:1-22:12
MERGED from [androidx.room:room-rxjava3:2.6.1] AndroidManifest.xml:17:1-22:12
MERGED from [androidx.room:room-rxjava2:2.6.1] AndroidManifest.xml:17:1-22:12
MERGED from [androidx.room:room-ktx:2.6.1] AndroidManifest.xml:17:1-22:12
MERGED from [androidx.room:room-runtime:2.6.1] AndroidManifest.xml:17:1-31:12
MERGED from [com.mapbox.search:mapbox-search-android:1.0.0-rc.6] AndroidManifest.xml:2:1-24:12
MERGED from [com.mapbox.search:offline:1.0.0-rc.6] AndroidManifest.xml:2:1-9:12
MERGED from [com.mapbox.search:autofill:1.0.0-rc.6] AndroidManifest.xml:2:1-9:12
MERGED from [com.mapbox.search:base:1.0.0-rc.6] AndroidManifest.xml:2:1-24:12
MERGED from [com.mapbox.search:mapbox-search-android-common:1.0.0-rc.6] AndroidManifest.xml:2:1-9:12
MERGED from [com.mapbox.search:mapbox-search-android-native:0.70.0] AndroidManifest.xml:2:1-9:12
MERGED from [com.mapbox.common:okhttp:23.6.0] AndroidManifest.xml:2:1-9:12
MERGED from [com.mapbox.common:common:23.6.0] AndroidManifest.xml:2:1-40:12
MERGED from [androidx.constraintlayout:constraintlayout:2.1.4] AndroidManifest.xml:2:1-11:12
MERGED from [io.coil-kt:coil-base:2.5.0] AndroidManifest.xml:2:1-7:12
MERGED from [androidx.appcompat:appcompat-resources:1.6.1] AndroidManifest.xml:17:1-22:12
MERGED from [androidx.appcompat:appcompat:1.6.1] AndroidManifest.xml:17:1-22:12
MERGED from [androidx.viewpager2:viewpager2:1.0.0] AndroidManifest.xml:17:1-24:12
MERGED from [androidx.fragment:fragment-ktx:1.6.2] AndroidManifest.xml:17:1-22:12
MERGED from [androidx.fragment:fragment:1.6.2] AndroidManifest.xml:17:1-22:12
MERGED from [androidx.activity:activity-ktx:1.8.0] AndroidManifest.xml:2:1-7:12
MERGED from [androidx.activity:activity:1.8.0] AndroidManifest.xml:17:1-22:12
MERGED from [androidx.emoji2:emoji2-views-helper:1.2.0] AndroidManifest.xml:2:1-7:12
MERGED from [androidx.emoji2:emoji2:1.2.0] AndroidManifest.xml:17:1-35:12
MERGED from [androidx.savedstate:savedstate-ktx:1.2.1] AndroidManifest.xml:17:1-22:12
MERGED from [androidx.savedstate:savedstate:1.2.1] AndroidManifest.xml:17:1-22:12
MERGED from [androidx.lifecycle:lifecycle-livedata-core:2.6.2] AndroidManifest.xml:17:1-22:12
MERGED from [androidx.lifecycle:lifecycle-process:2.6.2] AndroidManifest.xml:17:1-35:12
MERGED from [androidx.lifecycle:lifecycle-runtime-ktx:2.6.2] AndroidManifest.xml:17:1-22:12
MERGED from [androidx.lifecycle:lifecycle-livedata-core-ktx:2.6.2] AndroidManifest.xml:17:1-22:12
MERGED from [androidx.dynamicanimation:dynamicanimation:1.0.0] AndroidManifest.xml:17:1-22:12
MERGED from [androidx.legacy:legacy-support-core-utils:1.0.0] AndroidManifest.xml:17:1-22:12
MERGED from [androidx.loader:loader:1.0.0] AndroidManifest.xml:17:1-22:12
MERGED from [androidx.lifecycle:lifecycle-livedata:2.6.2] AndroidManifest.xml:17:1-22:12
MERGED from [androidx.lifecycle:lifecycle-viewmodel-savedstate:2.6.2] AndroidManifest.xml:17:1-22:12
MERGED from [androidx.core:core-ktx:1.12.0] AndroidManifest.xml:2:1-7:12
MERGED from [androidx.drawerlayout:drawerlayout:1.1.1] AndroidManifest.xml:17:1-24:12
MERGED from [androidx.coordinatorlayout:coordinatorlayout:1.1.0] AndroidManifest.xml:17:1-24:12
MERGED from [androidx.vectordrawable:vectordrawable-animated:1.1.0] AndroidManifest.xml:17:1-24:12
MERGED from [androidx.vectordrawable:vectordrawable:1.1.0] AndroidManifest.xml:17:1-24:12
MERGED from [androidx.recyclerview:recyclerview:1.2.1] AndroidManifest.xml:17:1-24:12
MERGED from [androidx.slidingpanelayout:slidingpanelayout:1.2.0] AndroidManifest.xml:17:1-24:12
MERGED from [androidx.viewpager:viewpager:1.0.0] AndroidManifest.xml:17:1-22:12
MERGED from [androidx.customview:customview:1.1.0] AndroidManifest.xml:17:1-24:12
MERGED from [androidx.transition:transition:1.4.1] AndroidManifest.xml:17:1-24:12
MERGED from [androidx.window:window:1.0.0] AndroidManifest.xml:17:1-33:12
MERGED from [androidx.core:core:1.12.0] AndroidManifest.xml:17:1-30:12
MERGED from [androidx.lifecycle:lifecycle-runtime:2.6.2] AndroidManifest.xml:2:1-7:12
MERGED from [androidx.lifecycle:lifecycle-viewmodel:2.6.2] AndroidManifest.xml:17:1-22:12
MERGED from [androidx.lifecycle:lifecycle-livedata-ktx:2.6.2] AndroidManifest.xml:17:1-22:12
MERGED from [androidx.lifecycle:lifecycle-viewmodel-ktx:2.6.2] AndroidManifest.xml:17:1-22:12
MERGED from [androidx.core:core-splashscreen:1.0.1] AndroidManifest.xml:17:1-24:12
MERGED from [androidx.cursoradapter:cursoradapter:1.0.0] AndroidManifest.xml:17:1-22:12
MERGED from [androidx.cardview:cardview:1.0.0] AndroidManifest.xml:17:1-22:12
MERGED from [androidx.profileinstaller:profileinstaller:1.3.1] AndroidManifest.xml:17:1-55:12
MERGED from [androidx.startup:startup-runtime:1.1.1] AndroidManifest.xml:17:1-33:12
MERGED from [androidx.tracing:tracing:1.0.0] AndroidManifest.xml:17:1-24:12
MERGED from [androidx.arch.core:core-runtime:2.2.0] AndroidManifest.xml:17:1-22:12
MERGED from [androidx.sqlite:sqlite-framework:2.4.0] AndroidManifest.xml:17:1-22:12
MERGED from [androidx.sqlite:sqlite:2.4.0] AndroidManifest.xml:17:1-22:12
MERGED from [androidx.interpolator:interpolator:1.0.0] AndroidManifest.xml:17:1-22:12
MERGED from [androidx.versionedparcelable:versionedparcelable:1.1.1] AndroidManifest.xml:17:1-27:12
MERGED from [com.mapbox.common:logger:0.8.0] AndroidManifest.xml:2:1-9:12
MERGED from [com.mapbox.common:loader:0.8.0] AndroidManifest.xml:2:1-9:12
MERGED from [com.mapbox.base:common:0.8.0] AndroidManifest.xml:2:1-9:12
MERGED from [androidx.exifinterface:exifinterface:1.3.6] AndroidManifest.xml:17:1-24:12
MERGED from [androidx.documentfile:documentfile:1.0.0] AndroidManifest.xml:17:1-22:12
MERGED from [androidx.localbroadcastmanager:localbroadcastmanager:1.0.0] AndroidManifest.xml:17:1-22:12
MERGED from [androidx.print:print:1.0.0] AndroidManifest.xml:17:1-22:12
MERGED from [androidx.annotation:annotation-experimental:1.3.0] AndroidManifest.xml:17:1-22:12
	package
		INJECTED from src/main/AndroidManifest.xml
	android:versionName
		INJECTED from src/main/AndroidManifest.xml
	android:versionCode
		INJECTED from src/main/AndroidManifest.xml
	xmlns:android
		ADDED from src/main/AndroidManifest.xml:2:11-69
uses-permission#android.permission.ACCESS_COARSE_LOCATION
ADDED from src/main/AndroidManifest.xml:4:5-81
	android:name
		ADDED from src/main/AndroidManifest.xml:4:22-78
uses-permission#android.permission.ACCESS_FINE_LOCATION
ADDED from src/main/AndroidManifest.xml:5:5-79
	android:name
		ADDED from src/main/AndroidManifest.xml:5:22-76
uses-permission#android.permission.INTERNET
ADDED from src/main/AndroidManifest.xml:6:5-67
MERGED from [com.mapbox.search:mapbox-search-android:1.0.0-rc.6] AndroidManifest.xml:10:5-67
MERGED from [com.mapbox.search:mapbox-search-android:1.0.0-rc.6] AndroidManifest.xml:10:5-67
MERGED from [com.mapbox.search:base:1.0.0-rc.6] AndroidManifest.xml:10:5-67
MERGED from [com.mapbox.search:base:1.0.0-rc.6] AndroidManifest.xml:10:5-67
MERGED from [com.mapbox.common:common:23.6.0] AndroidManifest.xml:10:5-67
MERGED from [com.mapbox.common:common:23.6.0] AndroidManifest.xml:10:5-67
	android:name
		ADDED from src/main/AndroidManifest.xml:6:22-64
application
ADDED from src/main/AndroidManifest.xml:8:5-32:19
INJECTED from src/main/AndroidManifest.xml:8:5-32:19
MERGED from [com.google.android.material:material:1.11.0] AndroidManifest.xml:22:5-20
MERGED from [com.google.android.material:material:1.11.0] AndroidManifest.xml:22:5-20
MERGED from [androidx.room:room-runtime:2.6.1] AndroidManifest.xml:23:5-29:19
MERGED from [androidx.room:room-runtime:2.6.1] AndroidManifest.xml:23:5-29:19
MERGED from [com.mapbox.search:mapbox-search-android:1.0.0-rc.6] AndroidManifest.xml:12:5-22:19
MERGED from [com.mapbox.search:mapbox-search-android:1.0.0-rc.6] AndroidManifest.xml:12:5-22:19
MERGED from [com.mapbox.search:base:1.0.0-rc.6] AndroidManifest.xml:12:5-22:19
MERGED from [com.mapbox.search:base:1.0.0-rc.6] AndroidManifest.xml:12:5-22:19
MERGED from [com.mapbox.common:common:23.6.0] AndroidManifest.xml:13:5-38:19
MERGED from [com.mapbox.common:common:23.6.0] AndroidManifest.xml:13:5-38:19
MERGED from [androidx.constraintlayout:constraintlayout:2.1.4] AndroidManifest.xml:9:5-20
MERGED from [androidx.constraintlayout:constraintlayout:2.1.4] AndroidManifest.xml:9:5-20
MERGED from [androidx.emoji2:emoji2:1.2.0] AndroidManifest.xml:23:5-33:19
MERGED from [androidx.emoji2:emoji2:1.2.0] AndroidManifest.xml:23:5-33:19
MERGED from [androidx.lifecycle:lifecycle-process:2.6.2] AndroidManifest.xml:23:5-33:19
MERGED from [androidx.lifecycle:lifecycle-process:2.6.2] AndroidManifest.xml:23:5-33:19
MERGED from [androidx.window:window:1.0.0] AndroidManifest.xml:24:5-31:19
MERGED from [androidx.window:window:1.0.0] AndroidManifest.xml:24:5-31:19
MERGED from [androidx.core:core:1.12.0] AndroidManifest.xml:28:5-89
MERGED from [androidx.core:core:1.12.0] AndroidManifest.xml:28:5-89
MERGED from [androidx.profileinstaller:profileinstaller:1.3.1] AndroidManifest.xml:23:5-53:19
MERGED from [androidx.profileinstaller:profileinstaller:1.3.1] AndroidManifest.xml:23:5-53:19
MERGED from [androidx.startup:startup-runtime:1.1.1] AndroidManifest.xml:25:5-31:19
MERGED from [androidx.startup:startup-runtime:1.1.1] AndroidManifest.xml:25:5-31:19
MERGED from [androidx.versionedparcelable:versionedparcelable:1.1.1] AndroidManifest.xml:24:5-25:19
MERGED from [androidx.versionedparcelable:versionedparcelable:1.1.1] AndroidManifest.xml:24:5-25:19
	android:extractNativeLibs
		INJECTED from src/main/AndroidManifest.xml
	android:appComponentFactory
		ADDED from [androidx.core:core:1.12.0] AndroidManifest.xml:28:18-86
	android:supportsRtl
		ADDED from src/main/AndroidManifest.xml:15:9-35
	android:label
		ADDED from src/main/AndroidManifest.xml:13:9-41
	android:fullBackupContent
		ADDED from src/main/AndroidManifest.xml:11:9-54
	android:roundIcon
		ADDED from src/main/AndroidManifest.xml:14:9-54
	android:icon
		ADDED from src/main/AndroidManifest.xml:12:9-43
	android:allowBackup
		ADDED from src/main/AndroidManifest.xml:9:9-35
	android:theme
		ADDED from src/main/AndroidManifest.xml:16:9-53
	android:dataExtractionRules
		ADDED from src/main/AndroidManifest.xml:10:9-65
activity#com.example.mytraveljournal.LoginActivity
ADDED from src/main/AndroidManifest.xml:17:9-26:20
	android:exported
		ADDED from src/main/AndroidManifest.xml:19:13-36
	android:theme
		ADDED from src/main/AndroidManifest.xml:20:13-54
	android:name
		ADDED from src/main/AndroidManifest.xml:18:13-42
intent-filter#action:name:android.intent.action.MAIN+category:name:android.intent.category.LAUNCHER
ADDED from src/main/AndroidManifest.xml:21:13-25:29
action#android.intent.action.MAIN
ADDED from src/main/AndroidManifest.xml:22:17-69
	android:name
		ADDED from src/main/AndroidManifest.xml:22:25-66
category#android.intent.category.LAUNCHER
ADDED from src/main/AndroidManifest.xml:24:17-77
	android:name
		ADDED from src/main/AndroidManifest.xml:24:27-74
activity#com.example.mytraveljournal.MainActivity
ADDED from src/main/AndroidManifest.xml:27:9-31:20
	android:label
		ADDED from src/main/AndroidManifest.xml:30:13-45
	android:exported
		ADDED from src/main/AndroidManifest.xml:29:13-36
	android:name
		ADDED from src/main/AndroidManifest.xml:28:13-41
uses-sdk
INJECTED from src/main/AndroidManifest.xml reason: use-sdk injection requested
INJECTED from src/main/AndroidManifest.xml
INJECTED from src/main/AndroidManifest.xml
MERGED from [androidx.databinding:viewbinding:8.2.0] AndroidManifest.xml:5:5-44
MERGED from [androidx.databinding:viewbinding:8.2.0] AndroidManifest.xml:5:5-44
MERGED from [com.mapbox.search:mapbox-search-android-ui:1.0.0-rc.6] AndroidManifest.xml:5:5-7:41
MERGED from [com.mapbox.search:mapbox-search-android-ui:1.0.0-rc.6] AndroidManifest.xml:5:5-7:41
MERGED from [com.mapbox.search:place-autocomplete:1.0.0-rc.6] AndroidManifest.xml:5:5-7:41
MERGED from [com.mapbox.search:place-autocomplete:1.0.0-rc.6] AndroidManifest.xml:5:5-7:41
MERGED from [io.coil-kt:coil:2.5.0] AndroidManifest.xml:5:5-44
MERGED from [io.coil-kt:coil:2.5.0] AndroidManifest.xml:5:5-44
MERGED from [androidx.navigation:navigation-common:2.7.6] AndroidManifest.xml:20:5-44
MERGED from [androidx.navigation:navigation-common:2.7.6] AndroidManifest.xml:20:5-44
MERGED from [androidx.navigation:navigation-common-ktx:2.7.6] AndroidManifest.xml:5:5-44
MERGED from [androidx.navigation:navigation-common-ktx:2.7.6] AndroidManifest.xml:5:5-44
MERGED from [androidx.navigation:navigation-runtime:2.7.6] AndroidManifest.xml:20:5-44
MERGED from [androidx.navigation:navigation-runtime:2.7.6] AndroidManifest.xml:20:5-44
MERGED from [androidx.navigation:navigation-runtime-ktx:2.7.6] AndroidManifest.xml:5:5-44
MERGED from [androidx.navigation:navigation-runtime-ktx:2.7.6] AndroidManifest.xml:5:5-44
MERGED from [androidx.navigation:navigation-fragment:2.7.6] AndroidManifest.xml:20:5-44
MERGED from [androidx.navigation:navigation-fragment:2.7.6] AndroidManifest.xml:20:5-44
MERGED from [androidx.navigation:navigation-fragment-ktx:2.7.6] AndroidManifest.xml:5:5-44
MERGED from [androidx.navigation:navigation-fragment-ktx:2.7.6] AndroidManifest.xml:5:5-44
MERGED from [androidx.navigation:navigation-ui-ktx:2.7.6] AndroidManifest.xml:5:5-44
MERGED from [androidx.navigation:navigation-ui-ktx:2.7.6] AndroidManifest.xml:5:5-44
MERGED from [androidx.navigation:navigation-ui:2.7.6] AndroidManifest.xml:20:5-44
MERGED from [androidx.navigation:navigation-ui:2.7.6] AndroidManifest.xml:20:5-44
MERGED from [com.google.android.material:material:1.11.0] AndroidManifest.xml:20:5-44
MERGED from [com.google.android.material:material:1.11.0] AndroidManifest.xml:20:5-44
MERGED from [androidx.room:room-paging:2.6.1] AndroidManifest.xml:20:5-44
MERGED from [androidx.room:room-paging:2.6.1] AndroidManifest.xml:20:5-44
MERGED from [androidx.room:room-guava:2.6.1] AndroidManifest.xml:20:5-44
MERGED from [androidx.room:room-guava:2.6.1] AndroidManifest.xml:20:5-44
MERGED from [androidx.room:room-rxjava3:2.6.1] AndroidManifest.xml:20:5-44
MERGED from [androidx.room:room-rxjava3:2.6.1] AndroidManifest.xml:20:5-44
MERGED from [androidx.room:room-rxjava2:2.6.1] AndroidManifest.xml:20:5-44
MERGED from [androidx.room:room-rxjava2:2.6.1] AndroidManifest.xml:20:5-44
MERGED from [androidx.room:room-ktx:2.6.1] AndroidManifest.xml:20:5-44
MERGED from [androidx.room:room-ktx:2.6.1] AndroidManifest.xml:20:5-44
MERGED from [androidx.room:room-runtime:2.6.1] AndroidManifest.xml:21:5-44
MERGED from [androidx.room:room-runtime:2.6.1] AndroidManifest.xml:21:5-44
MERGED from [com.mapbox.search:mapbox-search-android:1.0.0-rc.6] AndroidManifest.xml:6:5-8:41
MERGED from [com.mapbox.search:mapbox-search-android:1.0.0-rc.6] AndroidManifest.xml:6:5-8:41
MERGED from [com.mapbox.search:offline:1.0.0-rc.6] AndroidManifest.xml:5:5-7:41
MERGED from [com.mapbox.search:offline:1.0.0-rc.6] AndroidManifest.xml:5:5-7:41
MERGED from [com.mapbox.search:autofill:1.0.0-rc.6] AndroidManifest.xml:5:5-7:41
MERGED from [com.mapbox.search:autofill:1.0.0-rc.6] AndroidManifest.xml:5:5-7:41
MERGED from [com.mapbox.search:base:1.0.0-rc.6] AndroidManifest.xml:6:5-8:41
MERGED from [com.mapbox.search:base:1.0.0-rc.6] AndroidManifest.xml:6:5-8:41
MERGED from [com.mapbox.search:mapbox-search-android-common:1.0.0-rc.6] AndroidManifest.xml:5:5-7:41
MERGED from [com.mapbox.search:mapbox-search-android-common:1.0.0-rc.6] AndroidManifest.xml:5:5-7:41
MERGED from [com.mapbox.search:mapbox-search-android-native:0.70.0] AndroidManifest.xml:5:5-7:41
MERGED from [com.mapbox.search:mapbox-search-android-native:0.70.0] AndroidManifest.xml:5:5-7:41
MERGED from [com.mapbox.common:okhttp:23.6.0] AndroidManifest.xml:5:5-7:41
MERGED from [com.mapbox.common:okhttp:23.6.0] AndroidManifest.xml:5:5-7:41
MERGED from [com.mapbox.common:common:23.6.0] AndroidManifest.xml:6:5-8:41
MERGED from [com.mapbox.common:common:23.6.0] AndroidManifest.xml:6:5-8:41
MERGED from [androidx.constraintlayout:constraintlayout:2.1.4] AndroidManifest.xml:5:5-7:41
MERGED from [androidx.constraintlayout:constraintlayout:2.1.4] AndroidManifest.xml:5:5-7:41
MERGED from [io.coil-kt:coil-base:2.5.0] AndroidManifest.xml:5:5-44
MERGED from [io.coil-kt:coil-base:2.5.0] AndroidManifest.xml:5:5-44
MERGED from [androidx.appcompat:appcompat-resources:1.6.1] AndroidManifest.xml:20:5-44
MERGED from [androidx.appcompat:appcompat-resources:1.6.1] AndroidManifest.xml:20:5-44
MERGED from [androidx.appcompat:appcompat:1.6.1] AndroidManifest.xml:20:5-44
MERGED from [androidx.appcompat:appcompat:1.6.1] AndroidManifest.xml:20:5-44
MERGED from [androidx.viewpager2:viewpager2:1.0.0] AndroidManifest.xml:20:5-22:41
MERGED from [androidx.viewpager2:viewpager2:1.0.0] AndroidManifest.xml:20:5-22:41
MERGED from [androidx.fragment:fragment-ktx:1.6.2] AndroidManifest.xml:20:5-44
MERGED from [androidx.fragment:fragment-ktx:1.6.2] AndroidManifest.xml:20:5-44
MERGED from [androidx.fragment:fragment:1.6.2] AndroidManifest.xml:20:5-44
MERGED from [androidx.fragment:fragment:1.6.2] AndroidManifest.xml:20:5-44
MERGED from [androidx.activity:activity-ktx:1.8.0] AndroidManifest.xml:5:5-44
MERGED from [androidx.activity:activity-ktx:1.8.0] AndroidManifest.xml:5:5-44
MERGED from [androidx.activity:activity:1.8.0] AndroidManifest.xml:20:5-44
MERGED from [androidx.activity:activity:1.8.0] AndroidManifest.xml:20:5-44
MERGED from [androidx.emoji2:emoji2-views-helper:1.2.0] AndroidManifest.xml:5:5-44
MERGED from [androidx.emoji2:emoji2-views-helper:1.2.0] AndroidManifest.xml:5:5-44
MERGED from [androidx.emoji2:emoji2:1.2.0] AndroidManifest.xml:21:5-44
MERGED from [androidx.emoji2:emoji2:1.2.0] AndroidManifest.xml:21:5-44
MERGED from [androidx.savedstate:savedstate-ktx:1.2.1] AndroidManifest.xml:20:5-44
MERGED from [androidx.savedstate:savedstate-ktx:1.2.1] AndroidManifest.xml:20:5-44
MERGED from [androidx.savedstate:savedstate:1.2.1] AndroidManifest.xml:20:5-44
MERGED from [androidx.savedstate:savedstate:1.2.1] AndroidManifest.xml:20:5-44
MERGED from [androidx.lifecycle:lifecycle-livedata-core:2.6.2] AndroidManifest.xml:20:5-44
MERGED from [androidx.lifecycle:lifecycle-livedata-core:2.6.2] AndroidManifest.xml:20:5-44
MERGED from [androidx.lifecycle:lifecycle-process:2.6.2] AndroidManifest.xml:21:5-44
MERGED from [androidx.lifecycle:lifecycle-process:2.6.2] AndroidManifest.xml:21:5-44
MERGED from [androidx.lifecycle:lifecycle-runtime-ktx:2.6.2] AndroidManifest.xml:20:5-44
MERGED from [androidx.lifecycle:lifecycle-runtime-ktx:2.6.2] AndroidManifest.xml:20:5-44
MERGED from [androidx.lifecycle:lifecycle-livedata-core-ktx:2.6.2] AndroidManifest.xml:20:5-44
MERGED from [androidx.lifecycle:lifecycle-livedata-core-ktx:2.6.2] AndroidManifest.xml:20:5-44
MERGED from [androidx.dynamicanimation:dynamicanimation:1.0.0] AndroidManifest.xml:20:5-44
MERGED from [androidx.dynamicanimation:dynamicanimation:1.0.0] AndroidManifest.xml:20:5-44
MERGED from [androidx.legacy:legacy-support-core-utils:1.0.0] AndroidManifest.xml:20:5-44
MERGED from [androidx.legacy:legacy-support-core-utils:1.0.0] AndroidManifest.xml:20:5-44
MERGED from [androidx.loader:loader:1.0.0] AndroidManifest.xml:20:5-44
MERGED from [androidx.loader:loader:1.0.0] AndroidManifest.xml:20:5-44
MERGED from [androidx.lifecycle:lifecycle-livedata:2.6.2] AndroidManifest.xml:20:5-44
MERGED from [androidx.lifecycle:lifecycle-livedata:2.6.2] AndroidManifest.xml:20:5-44
MERGED from [androidx.lifecycle:lifecycle-viewmodel-savedstate:2.6.2] AndroidManifest.xml:20:5-44
MERGED from [androidx.lifecycle:lifecycle-viewmodel-savedstate:2.6.2] AndroidManifest.xml:20:5-44
MERGED from [androidx.core:core-ktx:1.12.0] AndroidManifest.xml:5:5-44
MERGED from [androidx.core:core-ktx:1.12.0] AndroidManifest.xml:5:5-44
MERGED from [androidx.drawerlayout:drawerlayout:1.1.1] AndroidManifest.xml:20:5-22:41
MERGED from [androidx.drawerlayout:drawerlayout:1.1.1] AndroidManifest.xml:20:5-22:41
MERGED from [androidx.coordinatorlayout:coordinatorlayout:1.1.0] AndroidManifest.xml:20:5-22:41
MERGED from [androidx.coordinatorlayout:coordinatorlayout:1.1.0] AndroidManifest.xml:20:5-22:41
MERGED from [androidx.vectordrawable:vectordrawable-animated:1.1.0] AndroidManifest.xml:20:5-22:41
MERGED from [androidx.vectordrawable:vectordrawable-animated:1.1.0] AndroidManifest.xml:20:5-22:41
MERGED from [androidx.vectordrawable:vectordrawable:1.1.0] AndroidManifest.xml:20:5-22:41
MERGED from [androidx.vectordrawable:vectordrawable:1.1.0] AndroidManifest.xml:20:5-22:41
MERGED from [androidx.recyclerview:recyclerview:1.2.1] AndroidManifest.xml:20:5-22:41
MERGED from [androidx.recyclerview:recyclerview:1.2.1] AndroidManifest.xml:20:5-22:41
MERGED from [androidx.slidingpanelayout:slidingpanelayout:1.2.0] AndroidManifest.xml:20:5-22:41
MERGED from [androidx.slidingpanelayout:slidingpanelayout:1.2.0] AndroidManifest.xml:20:5-22:41
MERGED from [androidx.viewpager:viewpager:1.0.0] AndroidManifest.xml:20:5-44
MERGED from [androidx.viewpager:viewpager:1.0.0] AndroidManifest.xml:20:5-44
MERGED from [androidx.customview:customview:1.1.0] AndroidManifest.xml:20:5-22:41
MERGED from [androidx.customview:customview:1.1.0] AndroidManifest.xml:20:5-22:41
MERGED from [androidx.transition:transition:1.4.1] AndroidManifest.xml:20:5-22:41
MERGED from [androidx.transition:transition:1.4.1] AndroidManifest.xml:20:5-22:41
MERGED from [androidx.window:window:1.0.0] AndroidManifest.xml:20:5-22:41
MERGED from [androidx.window:window:1.0.0] AndroidManifest.xml:20:5-22:41
MERGED from [androidx.core:core:1.12.0] AndroidManifest.xml:20:5-44
MERGED from [androidx.core:core:1.12.0] AndroidManifest.xml:20:5-44
MERGED from [androidx.lifecycle:lifecycle-runtime:2.6.2] AndroidManifest.xml:5:5-44
MERGED from [androidx.lifecycle:lifecycle-runtime:2.6.2] AndroidManifest.xml:5:5-44
MERGED from [androidx.lifecycle:lifecycle-viewmodel:2.6.2] AndroidManifest.xml:20:5-44
MERGED from [androidx.lifecycle:lifecycle-viewmodel:2.6.2] AndroidManifest.xml:20:5-44
MERGED from [androidx.lifecycle:lifecycle-livedata-ktx:2.6.2] AndroidManifest.xml:20:5-44
MERGED from [androidx.lifecycle:lifecycle-livedata-ktx:2.6.2] AndroidManifest.xml:20:5-44
MERGED from [androidx.lifecycle:lifecycle-viewmodel-ktx:2.6.2] AndroidManifest.xml:20:5-44
MERGED from [androidx.lifecycle:lifecycle-viewmodel-ktx:2.6.2] AndroidManifest.xml:20:5-44
MERGED from [androidx.core:core-splashscreen:1.0.1] AndroidManifest.xml:20:5-22:41
MERGED from [androidx.core:core-splashscreen:1.0.1] AndroidManifest.xml:20:5-22:41
MERGED from [androidx.cursoradapter:cursoradapter:1.0.0] AndroidManifest.xml:20:5-44
MERGED from [androidx.cursoradapter:cursoradapter:1.0.0] AndroidManifest.xml:20:5-44
MERGED from [androidx.cardview:cardview:1.0.0] AndroidManifest.xml:20:5-44
MERGED from [androidx.cardview:cardview:1.0.0] AndroidManifest.xml:20:5-44
MERGED from [androidx.profileinstaller:profileinstaller:1.3.1] AndroidManifest.xml:21:5-44
MERGED from [androidx.profileinstaller:profileinstaller:1.3.1] AndroidManifest.xml:21:5-44
MERGED from [androidx.startup:startup-runtime:1.1.1] AndroidManifest.xml:21:5-23:41
MERGED from [androidx.startup:startup-runtime:1.1.1] AndroidManifest.xml:21:5-23:41
MERGED from [androidx.tracing:tracing:1.0.0] AndroidManifest.xml:20:5-22:41
MERGED from [androidx.tracing:tracing:1.0.0] AndroidManifest.xml:20:5-22:41
MERGED from [androidx.arch.core:core-runtime:2.2.0] AndroidManifest.xml:20:5-44
MERGED from [androidx.arch.core:core-runtime:2.2.0] AndroidManifest.xml:20:5-44
MERGED from [androidx.sqlite:sqlite-framework:2.4.0] AndroidManifest.xml:20:5-44
MERGED from [androidx.sqlite:sqlite-framework:2.4.0] AndroidManifest.xml:20:5-44
MERGED from [androidx.sqlite:sqlite:2.4.0] AndroidManifest.xml:20:5-44
MERGED from [androidx.sqlite:sqlite:2.4.0] AndroidManifest.xml:20:5-44
MERGED from [androidx.interpolator:interpolator:1.0.0] AndroidManifest.xml:20:5-44
MERGED from [androidx.interpolator:interpolator:1.0.0] AndroidManifest.xml:20:5-44
MERGED from [androidx.versionedparcelable:versionedparcelable:1.1.1] AndroidManifest.xml:20:5-22:41
MERGED from [androidx.versionedparcelable:versionedparcelable:1.1.1] AndroidManifest.xml:20:5-22:41
MERGED from [com.mapbox.common:logger:0.8.0] AndroidManifest.xml:5:5-7:41
MERGED from [com.mapbox.common:logger:0.8.0] AndroidManifest.xml:5:5-7:41
MERGED from [com.mapbox.common:loader:0.8.0] AndroidManifest.xml:5:5-7:41
MERGED from [com.mapbox.common:loader:0.8.0] AndroidManifest.xml:5:5-7:41
MERGED from [com.mapbox.base:common:0.8.0] AndroidManifest.xml:5:5-7:41
MERGED from [com.mapbox.base:common:0.8.0] AndroidManifest.xml:5:5-7:41
MERGED from [androidx.exifinterface:exifinterface:1.3.6] AndroidManifest.xml:20:5-22:41
MERGED from [androidx.exifinterface:exifinterface:1.3.6] AndroidManifest.xml:20:5-22:41
MERGED from [androidx.documentfile:documentfile:1.0.0] AndroidManifest.xml:20:5-44
MERGED from [androidx.documentfile:documentfile:1.0.0] AndroidManifest.xml:20:5-44
MERGED from [androidx.localbroadcastmanager:localbroadcastmanager:1.0.0] AndroidManifest.xml:20:5-44
MERGED from [androidx.localbroadcastmanager:localbroadcastmanager:1.0.0] AndroidManifest.xml:20:5-44
MERGED from [androidx.print:print:1.0.0] AndroidManifest.xml:20:5-44
MERGED from [androidx.print:print:1.0.0] AndroidManifest.xml:20:5-44
MERGED from [androidx.annotation:annotation-experimental:1.3.0] AndroidManifest.xml:20:5-44
MERGED from [androidx.annotation:annotation-experimental:1.3.0] AndroidManifest.xml:20:5-44
	android:targetSdkVersion
		INJECTED from src/main/AndroidManifest.xml
	android:minSdkVersion
		INJECTED from src/main/AndroidManifest.xml
service#androidx.room.MultiInstanceInvalidationService
ADDED from [androidx.room:room-runtime:2.6.1] AndroidManifest.xml:24:9-28:63
	android:exported
		ADDED from [androidx.room:room-runtime:2.6.1] AndroidManifest.xml:27:13-37
	tools:ignore
		ADDED from [androidx.room:room-runtime:2.6.1] AndroidManifest.xml:28:13-60
	android:directBootAware
		ADDED from [androidx.room:room-runtime:2.6.1] AndroidManifest.xml:26:13-43
	android:name
		ADDED from [androidx.room:room-runtime:2.6.1] AndroidManifest.xml:25:13-74
provider#androidx.startup.InitializationProvider
ADDED from [com.mapbox.search:mapbox-search-android:1.0.0-rc.6] AndroidManifest.xml:13:9-21:20
MERGED from [com.mapbox.search:base:1.0.0-rc.6] AndroidManifest.xml:13:9-21:20
MERGED from [com.mapbox.search:base:1.0.0-rc.6] AndroidManifest.xml:13:9-21:20
MERGED from [com.mapbox.common:common:23.6.0] AndroidManifest.xml:14:9-24:20
MERGED from [com.mapbox.common:common:23.6.0] AndroidManifest.xml:14:9-24:20
MERGED from [androidx.emoji2:emoji2:1.2.0] AndroidManifest.xml:24:9-32:20
MERGED from [androidx.emoji2:emoji2:1.2.0] AndroidManifest.xml:24:9-32:20
MERGED from [androidx.lifecycle:lifecycle-process:2.6.2] AndroidManifest.xml:24:9-32:20
MERGED from [androidx.lifecycle:lifecycle-process:2.6.2] AndroidManifest.xml:24:9-32:20
MERGED from [androidx.profileinstaller:profileinstaller:1.3.1] AndroidManifest.xml:24:9-32:20
MERGED from [androidx.profileinstaller:profileinstaller:1.3.1] AndroidManifest.xml:24:9-32:20
MERGED from [androidx.startup:startup-runtime:1.1.1] AndroidManifest.xml:26:9-30:34
MERGED from [androidx.startup:startup-runtime:1.1.1] AndroidManifest.xml:26:9-30:34
	tools:node
		ADDED from [com.mapbox.search:mapbox-search-android:1.0.0-rc.6] AndroidManifest.xml:17:13-31
	android:authorities
		ADDED from [com.mapbox.search:mapbox-search-android:1.0.0-rc.6] AndroidManifest.xml:15:13-68
	android:exported
		ADDED from [com.mapbox.search:mapbox-search-android:1.0.0-rc.6] AndroidManifest.xml:16:13-37
	android:name
		ADDED from [com.mapbox.search:mapbox-search-android:1.0.0-rc.6] AndroidManifest.xml:14:13-67
meta-data#com.mapbox.search.MapboxSearchSdkInitializer
ADDED from [com.mapbox.search:mapbox-search-android:1.0.0-rc.6] AndroidManifest.xml:18:13-20:52
	android:value
		ADDED from [com.mapbox.search:mapbox-search-android:1.0.0-rc.6] AndroidManifest.xml:20:17-49
	android:name
		ADDED from [com.mapbox.search:mapbox-search-android:1.0.0-rc.6] AndroidManifest.xml:19:17-76
meta-data#com.mapbox.search.base.BaseSearchSdkInitializer
ADDED from [com.mapbox.search:base:1.0.0-rc.6] AndroidManifest.xml:18:13-20:52
	android:value
		ADDED from [com.mapbox.search:base:1.0.0-rc.6] AndroidManifest.xml:20:17-49
	android:name
		ADDED from [com.mapbox.search:base:1.0.0-rc.6] AndroidManifest.xml:19:17-79
uses-permission#android.permission.ACCESS_NETWORK_STATE
ADDED from [com.mapbox.common:common:23.6.0] AndroidManifest.xml:11:5-79
	android:name
		ADDED from [com.mapbox.common:common:23.6.0] AndroidManifest.xml:11:22-76